<?xml version="1.0" encoding="UTF-8"?>
<!-- Generated by org.testng.reporters.JUnitReportReporter -->
<testsuite hostname="LAPTOP-8HHI6N5M" failures="0" tests="1" name="TestRequests.SumValidation" time="1.951" errors="0" timestamp="2022-07-17T20:25:21 IST" skipped="0">
  <testcase classname="TestRequests.SumValidation" name="sumOfCourses" time="1.951"/>
  <system-out/>
</testsuite> <!-- TestRequests.SumValidation -->
